ARM GAS  C:\Users\MOONFE~1\AppData\Local\Temp\ccsV8hZy.s 			page 1


   1              		.cpu cortex-m3
   2              		.arch armv7-m
   3              		.fpu softvfp
   4              		.eabi_attribute 20, 1
   5              		.eabi_attribute 21, 1
   6              		.eabi_attribute 23, 3
   7              		.eabi_attribute 24, 1
   8              		.eabi_attribute 25, 1
   9              		.eabi_attribute 26, 1
  10              		.eabi_attribute 30, 1
  11              		.eabi_attribute 34, 1
  12              		.eabi_attribute 18, 4
  13              		.file	"gpio.c"
  14              		.text
  15              	.Ltext0:
  16              		.cfi_sections	.debug_frame
  17              		.file 1 "Core/Src/gpio.c"
  18              		.section	.text.MX_GPIO_Init,"ax",%progbits
  19              		.align	1
  20              		.global	MX_GPIO_Init
  21              		.syntax unified
  22              		.thumb
  23              		.thumb_func
  25              	MX_GPIO_Init:
  26              	.LFB65:
   1:Core/Src/gpio.c **** /* USER CODE BEGIN Header */
   2:Core/Src/gpio.c **** /**
   3:Core/Src/gpio.c ****   ******************************************************************************
   4:Core/Src/gpio.c ****   * @file    gpio.c
   5:Core/Src/gpio.c ****   * @brief   This file provides code for the configuration
   6:Core/Src/gpio.c ****   *          of all used GPIO pins.
   7:Core/Src/gpio.c ****   ******************************************************************************
   8:Core/Src/gpio.c ****   * @attention
   9:Core/Src/gpio.c ****   *
  10:Core/Src/gpio.c ****   * Copyright (c) 2024 STMicroelectronics.
  11:Core/Src/gpio.c ****   * All rights reserved.
  12:Core/Src/gpio.c ****   *
  13:Core/Src/gpio.c ****   * This software is licensed under terms that can be found in the LICENSE file
  14:Core/Src/gpio.c ****   * in the root directory of this software component.
  15:Core/Src/gpio.c ****   * If no LICENSE file comes with this software, it is provided AS-IS.
  16:Core/Src/gpio.c ****   *
  17:Core/Src/gpio.c ****   ******************************************************************************
  18:Core/Src/gpio.c ****   */
  19:Core/Src/gpio.c **** /* USER CODE END Header */
  20:Core/Src/gpio.c **** 
  21:Core/Src/gpio.c **** /* Includes ------------------------------------------------------------------*/
  22:Core/Src/gpio.c **** #include "gpio.h"
  23:Core/Src/gpio.c **** 
  24:Core/Src/gpio.c **** /* USER CODE BEGIN 0 */
  25:Core/Src/gpio.c **** 
  26:Core/Src/gpio.c **** /* USER CODE END 0 */
  27:Core/Src/gpio.c **** 
  28:Core/Src/gpio.c **** /*----------------------------------------------------------------------------*/
  29:Core/Src/gpio.c **** /* Configure GPIO                                                             */
  30:Core/Src/gpio.c **** /*----------------------------------------------------------------------------*/
  31:Core/Src/gpio.c **** /* USER CODE BEGIN 1 */
  32:Core/Src/gpio.c **** 
ARM GAS  C:\Users\MOONFE~1\AppData\Local\Temp\ccsV8hZy.s 			page 2


  33:Core/Src/gpio.c **** /* USER CODE END 1 */
  34:Core/Src/gpio.c **** 
  35:Core/Src/gpio.c **** /** Configure pins as
  36:Core/Src/gpio.c ****         * Analog
  37:Core/Src/gpio.c ****         * Input
  38:Core/Src/gpio.c ****         * Output
  39:Core/Src/gpio.c ****         * EVENT_OUT
  40:Core/Src/gpio.c ****         * EXTI
  41:Core/Src/gpio.c **** */
  42:Core/Src/gpio.c **** void MX_GPIO_Init(void)
  43:Core/Src/gpio.c **** {
  27              		.loc 1 43 1 view -0
  28              		.cfi_startproc
  29              		@ args = 0, pretend = 0, frame = 32
  30              		@ frame_needed = 0, uses_anonymous_args = 0
  31 0000 2DE9F041 		push	{r4, r5, r6, r7, r8, lr}
  32              		.cfi_def_cfa_offset 24
  33              		.cfi_offset 4, -24
  34              		.cfi_offset 5, -20
  35              		.cfi_offset 6, -16
  36              		.cfi_offset 7, -12
  37              		.cfi_offset 8, -8
  38              		.cfi_offset 14, -4
  39 0004 88B0     		sub	sp, sp, #32
  40              		.cfi_def_cfa_offset 56
  44:Core/Src/gpio.c **** 
  45:Core/Src/gpio.c ****   GPIO_InitTypeDef GPIO_InitStruct = {0};
  41              		.loc 1 45 3 view .LVU1
  42              		.loc 1 45 20 is_stmt 0 view .LVU2
  43 0006 0024     		movs	r4, #0
  44 0008 0494     		str	r4, [sp, #16]
  45 000a 0594     		str	r4, [sp, #20]
  46 000c 0694     		str	r4, [sp, #24]
  47 000e 0794     		str	r4, [sp, #28]
  46:Core/Src/gpio.c **** 
  47:Core/Src/gpio.c ****   /* GPIO Ports Clock Enable */
  48:Core/Src/gpio.c ****   __HAL_RCC_GPIOC_CLK_ENABLE();
  48              		.loc 1 48 3 is_stmt 1 view .LVU3
  49              	.LBB2:
  50              		.loc 1 48 3 view .LVU4
  51              		.loc 1 48 3 view .LVU5
  52 0010 264B     		ldr	r3, .L3
  53 0012 9A69     		ldr	r2, [r3, #24]
  54 0014 42F01002 		orr	r2, r2, #16
  55 0018 9A61     		str	r2, [r3, #24]
  56              		.loc 1 48 3 view .LVU6
  57 001a 9A69     		ldr	r2, [r3, #24]
  58 001c 02F01002 		and	r2, r2, #16
  59 0020 0092     		str	r2, [sp]
  60              		.loc 1 48 3 view .LVU7
  61 0022 009A     		ldr	r2, [sp]
  62              	.LBE2:
  63              		.loc 1 48 3 view .LVU8
  49:Core/Src/gpio.c ****   __HAL_RCC_GPIOD_CLK_ENABLE();
  64              		.loc 1 49 3 view .LVU9
  65              	.LBB3:
  66              		.loc 1 49 3 view .LVU10
ARM GAS  C:\Users\MOONFE~1\AppData\Local\Temp\ccsV8hZy.s 			page 3


  67              		.loc 1 49 3 view .LVU11
  68 0024 9A69     		ldr	r2, [r3, #24]
  69 0026 42F02002 		orr	r2, r2, #32
  70 002a 9A61     		str	r2, [r3, #24]
  71              		.loc 1 49 3 view .LVU12
  72 002c 9A69     		ldr	r2, [r3, #24]
  73 002e 02F02002 		and	r2, r2, #32
  74 0032 0192     		str	r2, [sp, #4]
  75              		.loc 1 49 3 view .LVU13
  76 0034 019A     		ldr	r2, [sp, #4]
  77              	.LBE3:
  78              		.loc 1 49 3 view .LVU14
  50:Core/Src/gpio.c ****   __HAL_RCC_GPIOA_CLK_ENABLE();
  79              		.loc 1 50 3 view .LVU15
  80              	.LBB4:
  81              		.loc 1 50 3 view .LVU16
  82              		.loc 1 50 3 view .LVU17
  83 0036 9A69     		ldr	r2, [r3, #24]
  84 0038 42F00402 		orr	r2, r2, #4
  85 003c 9A61     		str	r2, [r3, #24]
  86              		.loc 1 50 3 view .LVU18
  87 003e 9A69     		ldr	r2, [r3, #24]
  88 0040 02F00402 		and	r2, r2, #4
  89 0044 0292     		str	r2, [sp, #8]
  90              		.loc 1 50 3 view .LVU19
  91 0046 029A     		ldr	r2, [sp, #8]
  92              	.LBE4:
  93              		.loc 1 50 3 view .LVU20
  51:Core/Src/gpio.c ****   __HAL_RCC_GPIOB_CLK_ENABLE();
  94              		.loc 1 51 3 view .LVU21
  95              	.LBB5:
  96              		.loc 1 51 3 view .LVU22
  97              		.loc 1 51 3 view .LVU23
  98 0048 9A69     		ldr	r2, [r3, #24]
  99 004a 42F00802 		orr	r2, r2, #8
 100 004e 9A61     		str	r2, [r3, #24]
 101              		.loc 1 51 3 view .LVU24
 102 0050 9B69     		ldr	r3, [r3, #24]
 103 0052 03F00803 		and	r3, r3, #8
 104 0056 0393     		str	r3, [sp, #12]
 105              		.loc 1 51 3 view .LVU25
 106 0058 039B     		ldr	r3, [sp, #12]
 107              	.LBE5:
 108              		.loc 1 51 3 view .LVU26
  52:Core/Src/gpio.c **** 
  53:Core/Src/gpio.c ****   /*Configure GPIO pin Output Level */
  54:Core/Src/gpio.c ****   HAL_GPIO_WritePin(LED_GPIO_Port, LED_Pin, GPIO_PIN_SET);
 109              		.loc 1 54 3 view .LVU27
 110 005a DFF85480 		ldr	r8, .L3+4
 111 005e 0122     		movs	r2, #1
 112 0060 4FF40051 		mov	r1, #8192
 113 0064 4046     		mov	r0, r8
 114 0066 FFF7FEFF 		bl	HAL_GPIO_WritePin
 115              	.LVL0:
  55:Core/Src/gpio.c **** 
  56:Core/Src/gpio.c ****   /*Configure GPIO pin Output Level */
  57:Core/Src/gpio.c ****   HAL_GPIO_WritePin(GPIOB, motor2_CTL2_Pin|motor2_CTL1_Pin|motor1_CTL2_Pin|motor1_CTL1_Pin, GPIO_PI
ARM GAS  C:\Users\MOONFE~1\AppData\Local\Temp\ccsV8hZy.s 			page 4


 116              		.loc 1 57 3 view .LVU28
 117 006a 124D     		ldr	r5, .L3+8
 118 006c 2246     		mov	r2, r4
 119 006e 4FF47041 		mov	r1, #61440
 120 0072 2846     		mov	r0, r5
 121 0074 FFF7FEFF 		bl	HAL_GPIO_WritePin
 122              	.LVL1:
  58:Core/Src/gpio.c **** 
  59:Core/Src/gpio.c ****   /*Configure GPIO pin : PtPin */
  60:Core/Src/gpio.c ****   GPIO_InitStruct.Pin = LED_Pin;
 123              		.loc 1 60 3 view .LVU29
 124              		.loc 1 60 23 is_stmt 0 view .LVU30
 125 0078 4FF40053 		mov	r3, #8192
 126 007c 0493     		str	r3, [sp, #16]
  61:Core/Src/gpio.c ****   GPIO_InitStruct.Mode = GPIO_MODE_OUTPUT_PP;
 127              		.loc 1 61 3 is_stmt 1 view .LVU31
 128              		.loc 1 61 24 is_stmt 0 view .LVU32
 129 007e 0127     		movs	r7, #1
 130 0080 0597     		str	r7, [sp, #20]
  62:Core/Src/gpio.c ****   GPIO_InitStruct.Pull = GPIO_NOPULL;
 131              		.loc 1 62 3 is_stmt 1 view .LVU33
 132              		.loc 1 62 24 is_stmt 0 view .LVU34
 133 0082 0694     		str	r4, [sp, #24]
  63:Core/Src/gpio.c ****   GPIO_InitStruct.Speed = GPIO_SPEED_FREQ_LOW;
 134              		.loc 1 63 3 is_stmt 1 view .LVU35
 135              		.loc 1 63 25 is_stmt 0 view .LVU36
 136 0084 0226     		movs	r6, #2
 137 0086 0796     		str	r6, [sp, #28]
  64:Core/Src/gpio.c ****   HAL_GPIO_Init(LED_GPIO_Port, &GPIO_InitStruct);
 138              		.loc 1 64 3 is_stmt 1 view .LVU37
 139 0088 04A9     		add	r1, sp, #16
 140 008a 4046     		mov	r0, r8
 141 008c FFF7FEFF 		bl	HAL_GPIO_Init
 142              	.LVL2:
  65:Core/Src/gpio.c **** 
  66:Core/Src/gpio.c ****   /*Configure GPIO pins : PBPin PBPin PBPin PBPin */
  67:Core/Src/gpio.c ****   GPIO_InitStruct.Pin = motor2_CTL2_Pin|motor2_CTL1_Pin|motor1_CTL2_Pin|motor1_CTL1_Pin;
 143              		.loc 1 67 3 view .LVU38
 144              		.loc 1 67 23 is_stmt 0 view .LVU39
 145 0090 4FF47043 		mov	r3, #61440
 146 0094 0493     		str	r3, [sp, #16]
  68:Core/Src/gpio.c ****   GPIO_InitStruct.Mode = GPIO_MODE_OUTPUT_PP;
 147              		.loc 1 68 3 is_stmt 1 view .LVU40
 148              		.loc 1 68 24 is_stmt 0 view .LVU41
 149 0096 0597     		str	r7, [sp, #20]
  69:Core/Src/gpio.c ****   GPIO_InitStruct.Pull = GPIO_NOPULL;
 150              		.loc 1 69 3 is_stmt 1 view .LVU42
 151              		.loc 1 69 24 is_stmt 0 view .LVU43
 152 0098 0694     		str	r4, [sp, #24]
  70:Core/Src/gpio.c ****   GPIO_InitStruct.Speed = GPIO_SPEED_FREQ_LOW;
 153              		.loc 1 70 3 is_stmt 1 view .LVU44
 154              		.loc 1 70 25 is_stmt 0 view .LVU45
 155 009a 0796     		str	r6, [sp, #28]
  71:Core/Src/gpio.c ****   HAL_GPIO_Init(GPIOB, &GPIO_InitStruct);
 156              		.loc 1 71 3 is_stmt 1 view .LVU46
 157 009c 04A9     		add	r1, sp, #16
 158 009e 2846     		mov	r0, r5
ARM GAS  C:\Users\MOONFE~1\AppData\Local\Temp\ccsV8hZy.s 			page 5


 159 00a0 FFF7FEFF 		bl	HAL_GPIO_Init
 160              	.LVL3:
  72:Core/Src/gpio.c **** 
  73:Core/Src/gpio.c **** }
 161              		.loc 1 73 1 is_stmt 0 view .LVU47
 162 00a4 08B0     		add	sp, sp, #32
 163              		.cfi_def_cfa_offset 24
 164              		@ sp needed
 165 00a6 BDE8F081 		pop	{r4, r5, r6, r7, r8, pc}
 166              	.L4:
 167 00aa 00BF     		.align	2
 168              	.L3:
 169 00ac 00100240 		.word	1073876992
 170 00b0 00100140 		.word	1073811456
 171 00b4 000C0140 		.word	1073810432
 172              		.cfi_endproc
 173              	.LFE65:
 175              		.text
 176              	.Letext0:
 177              		.file 2 "G:/ARM-GNU-TOOLCHAIN-13.2.REL1-MINGW-W64-I686-ARM-NONE-EABI/arm-none-eabi/include/machine
 178              		.file 3 "G:/ARM-GNU-TOOLCHAIN-13.2.REL1-MINGW-W64-I686-ARM-NONE-EABI/arm-none-eabi/include/sys/_st
 179              		.file 4 "Drivers/CMSIS/Device/ST/STM32F1xx/Include/stm32f103xb.h"
 180              		.file 5 "Drivers/STM32F1xx_HAL_Driver/Inc/stm32f1xx_hal_gpio.h"
ARM GAS  C:\Users\MOONFE~1\AppData\Local\Temp\ccsV8hZy.s 			page 6


DEFINED SYMBOLS
                            *ABS*:00000000 gpio.c
C:\Users\MOONFE~1\AppData\Local\Temp\ccsV8hZy.s:19     .text.MX_GPIO_Init:00000000 $t
C:\Users\MOONFE~1\AppData\Local\Temp\ccsV8hZy.s:25     .text.MX_GPIO_Init:00000000 MX_GPIO_Init
C:\Users\MOONFE~1\AppData\Local\Temp\ccsV8hZy.s:169    .text.MX_GPIO_Init:000000ac $d

UNDEFINED SYMBOLS
HAL_GPIO_WritePin
HAL_GPIO_Init
