ARM GAS  C:\Users\MOONFE~1\AppData\Local\Temp\cccGoX7c.s 			page 1


   1              		.cpu cortex-m3
   2              		.arch armv7-m
   3              		.fpu softvfp
   4              		.eabi_attribute 20, 1
   5              		.eabi_attribute 21, 1
   6              		.eabi_attribute 23, 3
   7              		.eabi_attribute 24, 1
   8              		.eabi_attribute 25, 1
   9              		.eabi_attribute 26, 1
  10              		.eabi_attribute 30, 1
  11              		.eabi_attribute 34, 1
  12              		.eabi_attribute 18, 4
  13              		.file	"main.c"
  14              		.text
  15              	.Ltext0:
  16              		.cfi_sections	.debug_frame
  17              		.file 1 "Core/Src/main.c"
  18              		.section	.text.motor_forward,"ax",%progbits
  19              		.align	1
  20              		.global	motor_forward
  21              		.syntax unified
  22              		.thumb
  23              		.thumb_func
  25              	motor_forward:
  26              	.LFB67:
   1:Core/Src/main.c **** /* USER CODE BEGIN Header */
   2:Core/Src/main.c **** /**
   3:Core/Src/main.c ****   ******************************************************************************
   4:Core/Src/main.c ****   * @file           : main.c
   5:Core/Src/main.c ****   * @brief          : Main program body
   6:Core/Src/main.c ****   ******************************************************************************
   7:Core/Src/main.c ****   * @attention
   8:Core/Src/main.c ****   *
   9:Core/Src/main.c ****   * Copyright (c) 2024 STMicroelectronics.
  10:Core/Src/main.c ****   * All rights reserved.
  11:Core/Src/main.c ****   *
  12:Core/Src/main.c ****   * This software is licensed under terms that can be found in the LICENSE file
  13:Core/Src/main.c ****   * in the root directory of this software component.
  14:Core/Src/main.c ****   * If no LICENSE file comes with this software, it is provided AS-IS.
  15:Core/Src/main.c ****   *
  16:Core/Src/main.c ****   ******************************************************************************
  17:Core/Src/main.c ****   */
  18:Core/Src/main.c **** /* USER CODE END Header */
  19:Core/Src/main.c **** /* Includes ------------------------------------------------------------------*/
  20:Core/Src/main.c **** #include "main.h"
  21:Core/Src/main.c **** #include "tim.h"
  22:Core/Src/main.c **** #include "gpio.h"
  23:Core/Src/main.c **** 
  24:Core/Src/main.c **** /* Private includes ----------------------------------------------------------*/
  25:Core/Src/main.c **** /* USER CODE BEGIN Includes */
  26:Core/Src/main.c **** 
  27:Core/Src/main.c **** /* USER CODE END Includes */
  28:Core/Src/main.c **** 
  29:Core/Src/main.c **** /* Private typedef -----------------------------------------------------------*/
  30:Core/Src/main.c **** /* USER CODE BEGIN PTD */
  31:Core/Src/main.c **** 
  32:Core/Src/main.c **** /* USER CODE END PTD */
ARM GAS  C:\Users\MOONFE~1\AppData\Local\Temp\cccGoX7c.s 			page 2


  33:Core/Src/main.c **** 
  34:Core/Src/main.c **** /* Private define ------------------------------------------------------------*/
  35:Core/Src/main.c **** /* USER CODE BEGIN PD */
  36:Core/Src/main.c **** 
  37:Core/Src/main.c **** /* USER CODE END PD */
  38:Core/Src/main.c **** 
  39:Core/Src/main.c **** /* Private macro -------------------------------------------------------------*/
  40:Core/Src/main.c **** /* USER CODE BEGIN PM */
  41:Core/Src/main.c **** 
  42:Core/Src/main.c **** /* USER CODE END PM */
  43:Core/Src/main.c **** 
  44:Core/Src/main.c **** /* Private variables ---------------------------------------------------------*/
  45:Core/Src/main.c **** 
  46:Core/Src/main.c **** /* USER CODE BEGIN PV */
  47:Core/Src/main.c **** uint16_t PWMT;
  48:Core/Src/main.c **** /* USER CODE END PV */
  49:Core/Src/main.c **** 
  50:Core/Src/main.c **** /* Private function prototypes -----------------------------------------------*/
  51:Core/Src/main.c **** void SystemClock_Config(void);
  52:Core/Src/main.c **** /* USER CODE BEGIN PFP */
  53:Core/Src/main.c **** void motor_forward(void);
  54:Core/Src/main.c **** void motor_backward(void);
  55:Core/Src/main.c **** void motor_stop(void);
  56:Core/Src/main.c **** /* USER CODE END PFP */
  57:Core/Src/main.c **** 
  58:Core/Src/main.c **** /* Private user code ---------------------------------------------------------*/
  59:Core/Src/main.c **** /* USER CODE BEGIN 0 */
  60:Core/Src/main.c **** 
  61:Core/Src/main.c **** /* USER CODE END 0 */
  62:Core/Src/main.c **** 
  63:Core/Src/main.c **** /**
  64:Core/Src/main.c ****   * @brief  The application entry point.
  65:Core/Src/main.c ****   * @retval int
  66:Core/Src/main.c ****   */
  67:Core/Src/main.c **** int main(void)
  68:Core/Src/main.c **** {
  69:Core/Src/main.c ****   /* USER CODE BEGIN 1 */
  70:Core/Src/main.c **** 
  71:Core/Src/main.c ****   /* USER CODE END 1 */
  72:Core/Src/main.c **** 
  73:Core/Src/main.c ****   /* MCU Configuration--------------------------------------------------------*/
  74:Core/Src/main.c **** 
  75:Core/Src/main.c ****   /* Reset of all peripherals, Initializes the Flash interface and the Systick. */
  76:Core/Src/main.c ****   HAL_Init();
  77:Core/Src/main.c **** 
  78:Core/Src/main.c ****   /* USER CODE BEGIN Init */
  79:Core/Src/main.c **** 
  80:Core/Src/main.c ****   /* USER CODE END Init */
  81:Core/Src/main.c **** 
  82:Core/Src/main.c ****   /* Configure the system clock */
  83:Core/Src/main.c ****   SystemClock_Config();
  84:Core/Src/main.c **** 
  85:Core/Src/main.c ****   /* USER CODE BEGIN SysInit */
  86:Core/Src/main.c **** 
  87:Core/Src/main.c ****   /* USER CODE END SysInit */
  88:Core/Src/main.c **** 
  89:Core/Src/main.c ****   /* Initialize all configured peripherals */
ARM GAS  C:\Users\MOONFE~1\AppData\Local\Temp\cccGoX7c.s 			page 3


  90:Core/Src/main.c ****   MX_GPIO_Init();
  91:Core/Src/main.c ****   MX_TIM1_Init();
  92:Core/Src/main.c ****   /* USER CODE BEGIN 2 */
  93:Core/Src/main.c ****   PWMT = (uint16_t) (TIM1->ARR+1);
  94:Core/Src/main.c ****   HAL_TIM_PWM_Start(&htim1, TIM_CHANNEL_1);
  95:Core/Src/main.c ****   HAL_TIM_PWM_Start(&htim1, TIM_CHANNEL_2);
  96:Core/Src/main.c ****   TIM1->CCR1 = PWMT * 0.25;
  97:Core/Src/main.c ****   TIM1->CCR2 = PWMT * 0.75;
  98:Core/Src/main.c ****   int dir = 1;
  99:Core/Src/main.c ****   /* USER CODE END 2 */
 100:Core/Src/main.c **** 
 101:Core/Src/main.c ****   /* Infinite loop */
 102:Core/Src/main.c ****   /* USER CODE BEGIN WHILE */
 103:Core/Src/main.c ****   while (1)
 104:Core/Src/main.c ****   {
 105:Core/Src/main.c ****     switch (dir)
 106:Core/Src/main.c ****     {
 107:Core/Src/main.c ****     case 1:
 108:Core/Src/main.c ****       motor_forward();
 109:Core/Src/main.c ****       break;
 110:Core/Src/main.c ****     case 2:
 111:Core/Src/main.c ****       motor_backward();
 112:Core/Src/main.c ****       break;
 113:Core/Src/main.c ****     case 3:
 114:Core/Src/main.c ****       dir = 0;
 115:Core/Src/main.c ****       break;
 116:Core/Src/main.c ****     default:
 117:Core/Src/main.c ****       motor_stop();
 118:Core/Src/main.c ****       break;
 119:Core/Src/main.c ****     }
 120:Core/Src/main.c ****     HAL_Delay(1000);
 121:Core/Src/main.c ****     dir++;
 122:Core/Src/main.c ****     /* USER CODE END WHILE */
 123:Core/Src/main.c **** 
 124:Core/Src/main.c ****     /* USER CODE BEGIN 3 */
 125:Core/Src/main.c ****   }
 126:Core/Src/main.c ****   /* USER CODE END 3 */
 127:Core/Src/main.c **** }
 128:Core/Src/main.c **** 
 129:Core/Src/main.c **** /**
 130:Core/Src/main.c ****   * @brief System Clock Configuration
 131:Core/Src/main.c ****   * @retval None
 132:Core/Src/main.c ****   */
 133:Core/Src/main.c **** void SystemClock_Config(void)
 134:Core/Src/main.c **** {
 135:Core/Src/main.c ****   RCC_OscInitTypeDef RCC_OscInitStruct = {0};
 136:Core/Src/main.c ****   RCC_ClkInitTypeDef RCC_ClkInitStruct = {0};
 137:Core/Src/main.c **** 
 138:Core/Src/main.c ****   /** Initializes the RCC Oscillators according to the specified parameters
 139:Core/Src/main.c ****   * in the RCC_OscInitTypeDef structure.
 140:Core/Src/main.c ****   */
 141:Core/Src/main.c ****   RCC_OscInitStruct.OscillatorType = RCC_OSCILLATORTYPE_HSE;
 142:Core/Src/main.c ****   RCC_OscInitStruct.HSEState = RCC_HSE_ON;
 143:Core/Src/main.c ****   RCC_OscInitStruct.HSEPredivValue = RCC_HSE_PREDIV_DIV1;
 144:Core/Src/main.c ****   RCC_OscInitStruct.HSIState = RCC_HSI_ON;
 145:Core/Src/main.c ****   RCC_OscInitStruct.PLL.PLLState = RCC_PLL_ON;
 146:Core/Src/main.c ****   RCC_OscInitStruct.PLL.PLLSource = RCC_PLLSOURCE_HSE;
ARM GAS  C:\Users\MOONFE~1\AppData\Local\Temp\cccGoX7c.s 			page 4


 147:Core/Src/main.c ****   RCC_OscInitStruct.PLL.PLLMUL = RCC_PLL_MUL9;
 148:Core/Src/main.c ****   if (HAL_RCC_OscConfig(&RCC_OscInitStruct) != HAL_OK)
 149:Core/Src/main.c ****   {
 150:Core/Src/main.c ****     Error_Handler();
 151:Core/Src/main.c ****   }
 152:Core/Src/main.c **** 
 153:Core/Src/main.c ****   /** Initializes the CPU, AHB and APB buses clocks
 154:Core/Src/main.c ****   */
 155:Core/Src/main.c ****   RCC_ClkInitStruct.ClockType = RCC_CLOCKTYPE_HCLK|RCC_CLOCKTYPE_SYSCLK
 156:Core/Src/main.c ****                               |RCC_CLOCKTYPE_PCLK1|RCC_CLOCKTYPE_PCLK2;
 157:Core/Src/main.c ****   RCC_ClkInitStruct.SYSCLKSource = RCC_SYSCLKSOURCE_PLLCLK;
 158:Core/Src/main.c ****   RCC_ClkInitStruct.AHBCLKDivider = RCC_SYSCLK_DIV1;
 159:Core/Src/main.c ****   RCC_ClkInitStruct.APB1CLKDivider = RCC_HCLK_DIV2;
 160:Core/Src/main.c ****   RCC_ClkInitStruct.APB2CLKDivider = RCC_HCLK_DIV1;
 161:Core/Src/main.c **** 
 162:Core/Src/main.c ****   if (HAL_RCC_ClockConfig(&RCC_ClkInitStruct, FLASH_LATENCY_2) != HAL_OK)
 163:Core/Src/main.c ****   {
 164:Core/Src/main.c ****     Error_Handler();
 165:Core/Src/main.c ****   }
 166:Core/Src/main.c **** }
 167:Core/Src/main.c **** 
 168:Core/Src/main.c **** /* USER CODE BEGIN 4 */
 169:Core/Src/main.c **** void motor_forward(void)
 170:Core/Src/main.c **** {
  27              		.loc 1 170 1 view -0
  28              		.cfi_startproc
  29              		@ args = 0, pretend = 0, frame = 0
  30              		@ frame_needed = 0, uses_anonymous_args = 0
  31 0000 10B5     		push	{r4, lr}
  32              		.cfi_def_cfa_offset 8
  33              		.cfi_offset 4, -8
  34              		.cfi_offset 14, -4
 171:Core/Src/main.c ****       HAL_GPIO_WritePin(motor1_CTL1_GPIO_Port,motor1_CTL1_Pin,GPIO_PIN_SET);
  35              		.loc 1 171 7 view .LVU1
  36 0002 0D4C     		ldr	r4, .L3
  37 0004 0122     		movs	r2, #1
  38 0006 4FF40041 		mov	r1, #32768
  39 000a 2046     		mov	r0, r4
  40 000c FFF7FEFF 		bl	HAL_GPIO_WritePin
  41              	.LVL0:
 172:Core/Src/main.c ****       HAL_GPIO_WritePin(motor1_CTL2_GPIO_Port,motor1_CTL2_Pin,GPIO_PIN_RESET);
  42              		.loc 1 172 7 view .LVU2
  43 0010 0022     		movs	r2, #0
  44 0012 4FF48041 		mov	r1, #16384
  45 0016 2046     		mov	r0, r4
  46 0018 FFF7FEFF 		bl	HAL_GPIO_WritePin
  47              	.LVL1:
 173:Core/Src/main.c ****       HAL_GPIO_WritePin(motor1_CTL1_GPIO_Port,motor2_CTL1_Pin,GPIO_PIN_SET);
  48              		.loc 1 173 7 view .LVU3
  49 001c 0122     		movs	r2, #1
  50 001e 4FF40051 		mov	r1, #8192
  51 0022 2046     		mov	r0, r4
  52 0024 FFF7FEFF 		bl	HAL_GPIO_WritePin
  53              	.LVL2:
 174:Core/Src/main.c ****       HAL_GPIO_WritePin(motor1_CTL2_GPIO_Port,motor2_CTL2_Pin,GPIO_PIN_RESET);
  54              		.loc 1 174 7 view .LVU4
  55 0028 0022     		movs	r2, #0
ARM GAS  C:\Users\MOONFE~1\AppData\Local\Temp\cccGoX7c.s 			page 5


  56 002a 4FF48051 		mov	r1, #4096
  57 002e 2046     		mov	r0, r4
  58 0030 FFF7FEFF 		bl	HAL_GPIO_WritePin
  59              	.LVL3:
 175:Core/Src/main.c **** }
  60              		.loc 1 175 1 is_stmt 0 view .LVU5
  61 0034 10BD     		pop	{r4, pc}
  62              	.L4:
  63 0036 00BF     		.align	2
  64              	.L3:
  65 0038 000C0140 		.word	1073810432
  66              		.cfi_endproc
  67              	.LFE67:
  69              		.section	.text.motor_backward,"ax",%progbits
  70              		.align	1
  71              		.global	motor_backward
  72              		.syntax unified
  73              		.thumb
  74              		.thumb_func
  76              	motor_backward:
  77              	.LFB68:
 176:Core/Src/main.c **** void motor_backward(void)
 177:Core/Src/main.c **** {
  78              		.loc 1 177 1 is_stmt 1 view -0
  79              		.cfi_startproc
  80              		@ args = 0, pretend = 0, frame = 0
  81              		@ frame_needed = 0, uses_anonymous_args = 0
  82 0000 10B5     		push	{r4, lr}
  83              		.cfi_def_cfa_offset 8
  84              		.cfi_offset 4, -8
  85              		.cfi_offset 14, -4
 178:Core/Src/main.c ****       HAL_GPIO_WritePin(motor1_CTL1_GPIO_Port,motor1_CTL1_Pin,GPIO_PIN_RESET);
  86              		.loc 1 178 7 view .LVU7
  87 0002 0D4C     		ldr	r4, .L7
  88 0004 0022     		movs	r2, #0
  89 0006 4FF40041 		mov	r1, #32768
  90 000a 2046     		mov	r0, r4
  91 000c FFF7FEFF 		bl	HAL_GPIO_WritePin
  92              	.LVL4:
 179:Core/Src/main.c ****       HAL_GPIO_WritePin(motor1_CTL2_GPIO_Port,motor1_CTL2_Pin,GPIO_PIN_SET);
  93              		.loc 1 179 7 view .LVU8
  94 0010 0122     		movs	r2, #1
  95 0012 4FF48041 		mov	r1, #16384
  96 0016 2046     		mov	r0, r4
  97 0018 FFF7FEFF 		bl	HAL_GPIO_WritePin
  98              	.LVL5:
 180:Core/Src/main.c ****       HAL_GPIO_WritePin(motor1_CTL1_GPIO_Port,motor2_CTL1_Pin,GPIO_PIN_RESET);
  99              		.loc 1 180 7 view .LVU9
 100 001c 0022     		movs	r2, #0
 101 001e 4FF40051 		mov	r1, #8192
 102 0022 2046     		mov	r0, r4
 103 0024 FFF7FEFF 		bl	HAL_GPIO_WritePin
 104              	.LVL6:
 181:Core/Src/main.c ****       HAL_GPIO_WritePin(motor1_CTL2_GPIO_Port,motor2_CTL2_Pin,GPIO_PIN_SET);
 105              		.loc 1 181 7 view .LVU10
 106 0028 0122     		movs	r2, #1
 107 002a 4FF48051 		mov	r1, #4096
ARM GAS  C:\Users\MOONFE~1\AppData\Local\Temp\cccGoX7c.s 			page 6


 108 002e 2046     		mov	r0, r4
 109 0030 FFF7FEFF 		bl	HAL_GPIO_WritePin
 110              	.LVL7:
 182:Core/Src/main.c **** }
 111              		.loc 1 182 1 is_stmt 0 view .LVU11
 112 0034 10BD     		pop	{r4, pc}
 113              	.L8:
 114 0036 00BF     		.align	2
 115              	.L7:
 116 0038 000C0140 		.word	1073810432
 117              		.cfi_endproc
 118              	.LFE68:
 120              		.section	.text.motor_stop,"ax",%progbits
 121              		.align	1
 122              		.global	motor_stop
 123              		.syntax unified
 124              		.thumb
 125              		.thumb_func
 127              	motor_stop:
 128              	.LFB69:
 183:Core/Src/main.c **** void motor_stop(void)
 184:Core/Src/main.c **** {
 129              		.loc 1 184 1 is_stmt 1 view -0
 130              		.cfi_startproc
 131              		@ args = 0, pretend = 0, frame = 0
 132              		@ frame_needed = 0, uses_anonymous_args = 0
 133 0000 10B5     		push	{r4, lr}
 134              		.cfi_def_cfa_offset 8
 135              		.cfi_offset 4, -8
 136              		.cfi_offset 14, -4
 185:Core/Src/main.c ****       HAL_GPIO_WritePin(motor1_CTL1_GPIO_Port,motor1_CTL1_Pin,GPIO_PIN_RESET);
 137              		.loc 1 185 7 view .LVU13
 138 0002 0D4C     		ldr	r4, .L11
 139 0004 0022     		movs	r2, #0
 140 0006 4FF40041 		mov	r1, #32768
 141 000a 2046     		mov	r0, r4
 142 000c FFF7FEFF 		bl	HAL_GPIO_WritePin
 143              	.LVL8:
 186:Core/Src/main.c ****       HAL_GPIO_WritePin(motor1_CTL2_GPIO_Port,motor1_CTL2_Pin,GPIO_PIN_RESET);
 144              		.loc 1 186 7 view .LVU14
 145 0010 0022     		movs	r2, #0
 146 0012 4FF48041 		mov	r1, #16384
 147 0016 2046     		mov	r0, r4
 148 0018 FFF7FEFF 		bl	HAL_GPIO_WritePin
 149              	.LVL9:
 187:Core/Src/main.c ****       HAL_GPIO_WritePin(motor1_CTL1_GPIO_Port,motor2_CTL1_Pin,GPIO_PIN_RESET);
 150              		.loc 1 187 7 view .LVU15
 151 001c 0022     		movs	r2, #0
 152 001e 4FF40051 		mov	r1, #8192
 153 0022 2046     		mov	r0, r4
 154 0024 FFF7FEFF 		bl	HAL_GPIO_WritePin
 155              	.LVL10:
 188:Core/Src/main.c ****       HAL_GPIO_WritePin(motor1_CTL2_GPIO_Port,motor2_CTL2_Pin,GPIO_PIN_RESET);
 156              		.loc 1 188 7 view .LVU16
 157 0028 0022     		movs	r2, #0
 158 002a 4FF48051 		mov	r1, #4096
 159 002e 2046     		mov	r0, r4
ARM GAS  C:\Users\MOONFE~1\AppData\Local\Temp\cccGoX7c.s 			page 7


 160 0030 FFF7FEFF 		bl	HAL_GPIO_WritePin
 161              	.LVL11:
 189:Core/Src/main.c **** }
 162              		.loc 1 189 1 is_stmt 0 view .LVU17
 163 0034 10BD     		pop	{r4, pc}
 164              	.L12:
 165 0036 00BF     		.align	2
 166              	.L11:
 167 0038 000C0140 		.word	1073810432
 168              		.cfi_endproc
 169              	.LFE69:
 171              		.section	.text.Error_Handler,"ax",%progbits
 172              		.align	1
 173              		.global	Error_Handler
 174              		.syntax unified
 175              		.thumb
 176              		.thumb_func
 178              	Error_Handler:
 179              	.LFB70:
 190:Core/Src/main.c **** 
 191:Core/Src/main.c **** 
 192:Core/Src/main.c **** /* USER CODE END 4 */
 193:Core/Src/main.c **** 
 194:Core/Src/main.c **** /**
 195:Core/Src/main.c ****   * @brief  This function is executed in case of error occurrence.
 196:Core/Src/main.c ****   * @retval None
 197:Core/Src/main.c ****   */
 198:Core/Src/main.c **** void Error_Handler(void)
 199:Core/Src/main.c **** {
 180              		.loc 1 199 1 is_stmt 1 view -0
 181              		.cfi_startproc
 182              		@ Volatile: function does not return.
 183              		@ args = 0, pretend = 0, frame = 0
 184              		@ frame_needed = 0, uses_anonymous_args = 0
 185              		@ link register save eliminated.
 200:Core/Src/main.c ****   /* USER CODE BEGIN Error_Handler_Debug */
 201:Core/Src/main.c ****   /* User can add his own implementation to report the HAL error return state */
 202:Core/Src/main.c ****   __disable_irq();
 186              		.loc 1 202 3 view .LVU19
 187              	.LBB4:
 188              	.LBI4:
 189              		.file 2 "Drivers/CMSIS/Include/cmsis_gcc.h"
   1:Drivers/CMSIS/Include/cmsis_gcc.h **** /**************************************************************************//**
   2:Drivers/CMSIS/Include/cmsis_gcc.h ****  * @file     cmsis_gcc.h
   3:Drivers/CMSIS/Include/cmsis_gcc.h ****  * @brief    CMSIS compiler GCC header file
   4:Drivers/CMSIS/Include/cmsis_gcc.h ****  * @version  V5.0.4
   5:Drivers/CMSIS/Include/cmsis_gcc.h ****  * @date     09. April 2018
   6:Drivers/CMSIS/Include/cmsis_gcc.h ****  ******************************************************************************/
   7:Drivers/CMSIS/Include/cmsis_gcc.h **** /*
   8:Drivers/CMSIS/Include/cmsis_gcc.h ****  * Copyright (c) 2009-2018 Arm Limited. All rights reserved.
   9:Drivers/CMSIS/Include/cmsis_gcc.h ****  *
  10:Drivers/CMSIS/Include/cmsis_gcc.h ****  * SPDX-License-Identifier: Apache-2.0
  11:Drivers/CMSIS/Include/cmsis_gcc.h ****  *
  12:Drivers/CMSIS/Include/cmsis_gcc.h ****  * Licensed under the Apache License, Version 2.0 (the License); you may
  13:Drivers/CMSIS/Include/cmsis_gcc.h ****  * not use this file except in compliance with the License.
  14:Drivers/CMSIS/Include/cmsis_gcc.h ****  * You may obtain a copy of the License at
  15:Drivers/CMSIS/Include/cmsis_gcc.h ****  *
ARM GAS  C:\Users\MOONFE~1\AppData\Local\Temp\cccGoX7c.s 			page 8


  16:Drivers/CMSIS/Include/cmsis_gcc.h ****  * www.apache.org/licenses/LICENSE-2.0
  17:Drivers/CMSIS/Include/cmsis_gcc.h ****  *
  18:Drivers/CMSIS/Include/cmsis_gcc.h ****  * Unless required by applicable law or agreed to in writing, software
  19:Drivers/CMSIS/Include/cmsis_gcc.h ****  * distributed under the License is distributed on an AS IS BASIS, WITHOUT
  20:Drivers/CMSIS/Include/cmsis_gcc.h ****  * WARRANTIES OR CONDITIONS OF ANY KIND, either express or implied.
  21:Drivers/CMSIS/Include/cmsis_gcc.h ****  * See the License for the specific language governing permissions and
  22:Drivers/CMSIS/Include/cmsis_gcc.h ****  * limitations under the License.
  23:Drivers/CMSIS/Include/cmsis_gcc.h ****  */
  24:Drivers/CMSIS/Include/cmsis_gcc.h **** 
  25:Drivers/CMSIS/Include/cmsis_gcc.h **** #ifndef __CMSIS_GCC_H
  26:Drivers/CMSIS/Include/cmsis_gcc.h **** #define __CMSIS_GCC_H
  27:Drivers/CMSIS/Include/cmsis_gcc.h **** 
  28:Drivers/CMSIS/Include/cmsis_gcc.h **** /* ignore some GCC warnings */
  29:Drivers/CMSIS/Include/cmsis_gcc.h **** #pragma GCC diagnostic push
  30:Drivers/CMSIS/Include/cmsis_gcc.h **** #pragma GCC diagnostic ignored "-Wsign-conversion"
  31:Drivers/CMSIS/Include/cmsis_gcc.h **** #pragma GCC diagnostic ignored "-Wconversion"
  32:Drivers/CMSIS/Include/cmsis_gcc.h **** #pragma GCC diagnostic ignored "-Wunused-parameter"
  33:Drivers/CMSIS/Include/cmsis_gcc.h **** 
  34:Drivers/CMSIS/Include/cmsis_gcc.h **** /* Fallback for __has_builtin */
  35:Drivers/CMSIS/Include/cmsis_gcc.h **** #ifndef __has_builtin
  36:Drivers/CMSIS/Include/cmsis_gcc.h ****   #define __has_builtin(x) (0)
  37:Drivers/CMSIS/Include/cmsis_gcc.h **** #endif
  38:Drivers/CMSIS/Include/cmsis_gcc.h **** 
  39:Drivers/CMSIS/Include/cmsis_gcc.h **** /* CMSIS compiler specific defines */
  40:Drivers/CMSIS/Include/cmsis_gcc.h **** #ifndef   __ASM
  41:Drivers/CMSIS/Include/cmsis_gcc.h ****   #define __ASM                                  __asm
  42:Drivers/CMSIS/Include/cmsis_gcc.h **** #endif
  43:Drivers/CMSIS/Include/cmsis_gcc.h **** #ifndef   __INLINE
  44:Drivers/CMSIS/Include/cmsis_gcc.h ****   #define __INLINE                               inline
  45:Drivers/CMSIS/Include/cmsis_gcc.h **** #endif
  46:Drivers/CMSIS/Include/cmsis_gcc.h **** #ifndef   __STATIC_INLINE
  47:Drivers/CMSIS/Include/cmsis_gcc.h ****   #define __STATIC_INLINE                        static inline
  48:Drivers/CMSIS/Include/cmsis_gcc.h **** #endif
  49:Drivers/CMSIS/Include/cmsis_gcc.h **** #ifndef   __STATIC_FORCEINLINE                 
  50:Drivers/CMSIS/Include/cmsis_gcc.h ****   #define __STATIC_FORCEINLINE                   __attribute__((always_inline)) static inline
  51:Drivers/CMSIS/Include/cmsis_gcc.h **** #endif                                           
  52:Drivers/CMSIS/Include/cmsis_gcc.h **** #ifndef   __NO_RETURN
  53:Drivers/CMSIS/Include/cmsis_gcc.h ****   #define __NO_RETURN                            __attribute__((__noreturn__))
  54:Drivers/CMSIS/Include/cmsis_gcc.h **** #endif
  55:Drivers/CMSIS/Include/cmsis_gcc.h **** #ifndef   __USED
  56:Drivers/CMSIS/Include/cmsis_gcc.h ****   #define __USED                                 __attribute__((used))
  57:Drivers/CMSIS/Include/cmsis_gcc.h **** #endif
  58:Drivers/CMSIS/Include/cmsis_gcc.h **** #ifndef   __WEAK
  59:Drivers/CMSIS/Include/cmsis_gcc.h ****   #define __WEAK                                 __attribute__((weak))
  60:Drivers/CMSIS/Include/cmsis_gcc.h **** #endif
  61:Drivers/CMSIS/Include/cmsis_gcc.h **** #ifndef   __PACKED
  62:Drivers/CMSIS/Include/cmsis_gcc.h ****   #define __PACKED                               __attribute__((packed, aligned(1)))
  63:Drivers/CMSIS/Include/cmsis_gcc.h **** #endif
  64:Drivers/CMSIS/Include/cmsis_gcc.h **** #ifndef   __PACKED_STRUCT
  65:Drivers/CMSIS/Include/cmsis_gcc.h ****   #define __PACKED_STRUCT                        struct __attribute__((packed, aligned(1)))
  66:Drivers/CMSIS/Include/cmsis_gcc.h **** #endif
  67:Drivers/CMSIS/Include/cmsis_gcc.h **** #ifndef   __PACKED_UNION
  68:Drivers/CMSIS/Include/cmsis_gcc.h ****   #define __PACKED_UNION                         union __attribute__((packed, aligned(1)))
  69:Drivers/CMSIS/Include/cmsis_gcc.h **** #endif
  70:Drivers/CMSIS/Include/cmsis_gcc.h **** #ifndef   __UNALIGNED_UINT32        /* deprecated */
  71:Drivers/CMSIS/Include/cmsis_gcc.h ****   #pragma GCC diagnostic push
  72:Drivers/CMSIS/Include/cmsis_gcc.h ****   #pragma GCC diagnostic ignored "-Wpacked"
ARM GAS  C:\Users\MOONFE~1\AppData\Local\Temp\cccGoX7c.s 			page 9


  73:Drivers/CMSIS/Include/cmsis_gcc.h ****   #pragma GCC diagnostic ignored "-Wattributes"
  74:Drivers/CMSIS/Include/cmsis_gcc.h ****   struct __attribute__((packed)) T_UINT32 { uint32_t v; };
  75:Drivers/CMSIS/Include/cmsis_gcc.h ****   #pragma GCC diagnostic pop
  76:Drivers/CMSIS/Include/cmsis_gcc.h ****   #define __UNALIGNED_UINT32(x)                  (((struct T_UINT32 *)(x))->v)
  77:Drivers/CMSIS/Include/cmsis_gcc.h **** #endif
  78:Drivers/CMSIS/Include/cmsis_gcc.h **** #ifndef   __UNALIGNED_UINT16_WRITE
  79:Drivers/CMSIS/Include/cmsis_gcc.h ****   #pragma GCC diagnostic push
  80:Drivers/CMSIS/Include/cmsis_gcc.h ****   #pragma GCC diagnostic ignored "-Wpacked"
  81:Drivers/CMSIS/Include/cmsis_gcc.h ****   #pragma GCC diagnostic ignored "-Wattributes"
  82:Drivers/CMSIS/Include/cmsis_gcc.h ****   __PACKED_STRUCT T_UINT16_WRITE { uint16_t v; };
  83:Drivers/CMSIS/Include/cmsis_gcc.h ****   #pragma GCC diagnostic pop
  84:Drivers/CMSIS/Include/cmsis_gcc.h ****   #define __UNALIGNED_UINT16_WRITE(addr, val)    (void)((((struct T_UINT16_WRITE *)(void *)(addr))-
  85:Drivers/CMSIS/Include/cmsis_gcc.h **** #endif
  86:Drivers/CMSIS/Include/cmsis_gcc.h **** #ifndef   __UNALIGNED_UINT16_READ
  87:Drivers/CMSIS/Include/cmsis_gcc.h ****   #pragma GCC diagnostic push
  88:Drivers/CMSIS/Include/cmsis_gcc.h ****   #pragma GCC diagnostic ignored "-Wpacked"
  89:Drivers/CMSIS/Include/cmsis_gcc.h ****   #pragma GCC diagnostic ignored "-Wattributes"
  90:Drivers/CMSIS/Include/cmsis_gcc.h ****   __PACKED_STRUCT T_UINT16_READ { uint16_t v; };
  91:Drivers/CMSIS/Include/cmsis_gcc.h ****   #pragma GCC diagnostic pop
  92:Drivers/CMSIS/Include/cmsis_gcc.h ****   #define __UNALIGNED_UINT16_READ(addr)          (((const struct T_UINT16_READ *)(const void *)(add
  93:Drivers/CMSIS/Include/cmsis_gcc.h **** #endif
  94:Drivers/CMSIS/Include/cmsis_gcc.h **** #ifndef   __UNALIGNED_UINT32_WRITE
  95:Drivers/CMSIS/Include/cmsis_gcc.h ****   #pragma GCC diagnostic push
  96:Drivers/CMSIS/Include/cmsis_gcc.h ****   #pragma GCC diagnostic ignored "-Wpacked"
  97:Drivers/CMSIS/Include/cmsis_gcc.h ****   #pragma GCC diagnostic ignored "-Wattributes"
  98:Drivers/CMSIS/Include/cmsis_gcc.h ****   __PACKED_STRUCT T_UINT32_WRITE { uint32_t v; };
  99:Drivers/CMSIS/Include/cmsis_gcc.h ****   #pragma GCC diagnostic pop
 100:Drivers/CMSIS/Include/cmsis_gcc.h ****   #define __UNALIGNED_UINT32_WRITE(addr, val)    (void)((((struct T_UINT32_WRITE *)(void *)(addr))-
 101:Drivers/CMSIS/Include/cmsis_gcc.h **** #endif
 102:Drivers/CMSIS/Include/cmsis_gcc.h **** #ifndef   __UNALIGNED_UINT32_READ
 103:Drivers/CMSIS/Include/cmsis_gcc.h ****   #pragma GCC diagnostic push
 104:Drivers/CMSIS/Include/cmsis_gcc.h ****   #pragma GCC diagnostic ignored "-Wpacked"
 105:Drivers/CMSIS/Include/cmsis_gcc.h ****   #pragma GCC diagnostic ignored "-Wattributes"
 106:Drivers/CMSIS/Include/cmsis_gcc.h ****   __PACKED_STRUCT T_UINT32_READ { uint32_t v; };
 107:Drivers/CMSIS/Include/cmsis_gcc.h ****   #pragma GCC diagnostic pop
 108:Drivers/CMSIS/Include/cmsis_gcc.h ****   #define __UNALIGNED_UINT32_READ(addr)          (((const struct T_UINT32_READ *)(const void *)(add
 109:Drivers/CMSIS/Include/cmsis_gcc.h **** #endif
 110:Drivers/CMSIS/Include/cmsis_gcc.h **** #ifndef   __ALIGNED
 111:Drivers/CMSIS/Include/cmsis_gcc.h ****   #define __ALIGNED(x)                           __attribute__((aligned(x)))
 112:Drivers/CMSIS/Include/cmsis_gcc.h **** #endif
 113:Drivers/CMSIS/Include/cmsis_gcc.h **** #ifndef   __RESTRICT
 114:Drivers/CMSIS/Include/cmsis_gcc.h ****   #define __RESTRICT                             __restrict
 115:Drivers/CMSIS/Include/cmsis_gcc.h **** #endif
 116:Drivers/CMSIS/Include/cmsis_gcc.h **** 
 117:Drivers/CMSIS/Include/cmsis_gcc.h **** 
 118:Drivers/CMSIS/Include/cmsis_gcc.h **** /* ###########################  Core Function Access  ########################### */
 119:Drivers/CMSIS/Include/cmsis_gcc.h **** /** \ingroup  CMSIS_Core_FunctionInterface
 120:Drivers/CMSIS/Include/cmsis_gcc.h ****     \defgroup CMSIS_Core_RegAccFunctions CMSIS Core Register Access Functions
 121:Drivers/CMSIS/Include/cmsis_gcc.h ****   @{
 122:Drivers/CMSIS/Include/cmsis_gcc.h ****  */
 123:Drivers/CMSIS/Include/cmsis_gcc.h **** 
 124:Drivers/CMSIS/Include/cmsis_gcc.h **** /**
 125:Drivers/CMSIS/Include/cmsis_gcc.h ****   \brief   Enable IRQ Interrupts
 126:Drivers/CMSIS/Include/cmsis_gcc.h ****   \details Enables IRQ interrupts by clearing the I-bit in the CPSR.
 127:Drivers/CMSIS/Include/cmsis_gcc.h ****            Can only be executed in Privileged modes.
 128:Drivers/CMSIS/Include/cmsis_gcc.h ****  */
 129:Drivers/CMSIS/Include/cmsis_gcc.h **** __STATIC_FORCEINLINE void __enable_irq(void)
ARM GAS  C:\Users\MOONFE~1\AppData\Local\Temp\cccGoX7c.s 			page 10


 130:Drivers/CMSIS/Include/cmsis_gcc.h **** {
 131:Drivers/CMSIS/Include/cmsis_gcc.h ****   __ASM volatile ("cpsie i" : : : "memory");
 132:Drivers/CMSIS/Include/cmsis_gcc.h **** }
 133:Drivers/CMSIS/Include/cmsis_gcc.h **** 
 134:Drivers/CMSIS/Include/cmsis_gcc.h **** 
 135:Drivers/CMSIS/Include/cmsis_gcc.h **** /**
 136:Drivers/CMSIS/Include/cmsis_gcc.h ****   \brief   Disable IRQ Interrupts
 137:Drivers/CMSIS/Include/cmsis_gcc.h ****   \details Disables IRQ interrupts by setting the I-bit in the CPSR.
 138:Drivers/CMSIS/Include/cmsis_gcc.h ****            Can only be executed in Privileged modes.
 139:Drivers/CMSIS/Include/cmsis_gcc.h ****  */
 140:Drivers/CMSIS/Include/cmsis_gcc.h **** __STATIC_FORCEINLINE void __disable_irq(void)
 190              		.loc 2 140 27 view .LVU20
 191              	.LBB5:
 141:Drivers/CMSIS/Include/cmsis_gcc.h **** {
 142:Drivers/CMSIS/Include/cmsis_gcc.h ****   __ASM volatile ("cpsid i" : : : "memory");
 192              		.loc 2 142 3 view .LVU21
 193              		.syntax unified
 194              	@ 142 "Drivers/CMSIS/Include/cmsis_gcc.h" 1
 195 0000 72B6     		cpsid i
 196              	@ 0 "" 2
 197              		.thumb
 198              		.syntax unified
 199              	.L14:
 200              	.LBE5:
 201              	.LBE4:
 203:Core/Src/main.c ****   while (1)
 202              		.loc 1 203 3 view .LVU22
 204:Core/Src/main.c ****   {
 205:Core/Src/main.c ****   }
 203              		.loc 1 205 3 view .LVU23
 203:Core/Src/main.c ****   while (1)
 204              		.loc 1 203 9 view .LVU24
 205 0002 FEE7     		b	.L14
 206              		.cfi_endproc
 207              	.LFE70:
 209              		.section	.text.SystemClock_Config,"ax",%progbits
 210              		.align	1
 211              		.global	SystemClock_Config
 212              		.syntax unified
 213              		.thumb
 214              		.thumb_func
 216              	SystemClock_Config:
 217              	.LFB66:
 134:Core/Src/main.c ****   RCC_OscInitTypeDef RCC_OscInitStruct = {0};
 218              		.loc 1 134 1 view -0
 219              		.cfi_startproc
 220              		@ args = 0, pretend = 0, frame = 64
 221              		@ frame_needed = 0, uses_anonymous_args = 0
 222 0000 00B5     		push	{lr}
 223              		.cfi_def_cfa_offset 4
 224              		.cfi_offset 14, -4
 225 0002 91B0     		sub	sp, sp, #68
 226              		.cfi_def_cfa_offset 72
 135:Core/Src/main.c ****   RCC_ClkInitTypeDef RCC_ClkInitStruct = {0};
 227              		.loc 1 135 3 view .LVU26
 135:Core/Src/main.c ****   RCC_ClkInitTypeDef RCC_ClkInitStruct = {0};
 228              		.loc 1 135 22 is_stmt 0 view .LVU27
ARM GAS  C:\Users\MOONFE~1\AppData\Local\Temp\cccGoX7c.s 			page 11


 229 0004 2822     		movs	r2, #40
 230 0006 0021     		movs	r1, #0
 231 0008 06A8     		add	r0, sp, #24
 232 000a FFF7FEFF 		bl	memset
 233              	.LVL12:
 136:Core/Src/main.c **** 
 234              		.loc 1 136 3 is_stmt 1 view .LVU28
 136:Core/Src/main.c **** 
 235              		.loc 1 136 22 is_stmt 0 view .LVU29
 236 000e 0023     		movs	r3, #0
 237 0010 0193     		str	r3, [sp, #4]
 238 0012 0293     		str	r3, [sp, #8]
 239 0014 0393     		str	r3, [sp, #12]
 240 0016 0493     		str	r3, [sp, #16]
 241 0018 0593     		str	r3, [sp, #20]
 141:Core/Src/main.c ****   RCC_OscInitStruct.HSEState = RCC_HSE_ON;
 242              		.loc 1 141 3 is_stmt 1 view .LVU30
 141:Core/Src/main.c ****   RCC_OscInitStruct.HSEState = RCC_HSE_ON;
 243              		.loc 1 141 36 is_stmt 0 view .LVU31
 244 001a 0122     		movs	r2, #1
 245 001c 0692     		str	r2, [sp, #24]
 142:Core/Src/main.c ****   RCC_OscInitStruct.HSEPredivValue = RCC_HSE_PREDIV_DIV1;
 246              		.loc 1 142 3 is_stmt 1 view .LVU32
 142:Core/Src/main.c ****   RCC_OscInitStruct.HSEPredivValue = RCC_HSE_PREDIV_DIV1;
 247              		.loc 1 142 30 is_stmt 0 view .LVU33
 248 001e 4FF48033 		mov	r3, #65536
 249 0022 0793     		str	r3, [sp, #28]
 143:Core/Src/main.c ****   RCC_OscInitStruct.HSIState = RCC_HSI_ON;
 250              		.loc 1 143 3 is_stmt 1 view .LVU34
 144:Core/Src/main.c ****   RCC_OscInitStruct.PLL.PLLState = RCC_PLL_ON;
 251              		.loc 1 144 3 view .LVU35
 144:Core/Src/main.c ****   RCC_OscInitStruct.PLL.PLLState = RCC_PLL_ON;
 252              		.loc 1 144 30 is_stmt 0 view .LVU36
 253 0024 0A92     		str	r2, [sp, #40]
 145:Core/Src/main.c ****   RCC_OscInitStruct.PLL.PLLSource = RCC_PLLSOURCE_HSE;
 254              		.loc 1 145 3 is_stmt 1 view .LVU37
 145:Core/Src/main.c ****   RCC_OscInitStruct.PLL.PLLSource = RCC_PLLSOURCE_HSE;
 255              		.loc 1 145 34 is_stmt 0 view .LVU38
 256 0026 0222     		movs	r2, #2
 257 0028 0D92     		str	r2, [sp, #52]
 146:Core/Src/main.c ****   RCC_OscInitStruct.PLL.PLLMUL = RCC_PLL_MUL9;
 258              		.loc 1 146 3 is_stmt 1 view .LVU39
 146:Core/Src/main.c ****   RCC_OscInitStruct.PLL.PLLMUL = RCC_PLL_MUL9;
 259              		.loc 1 146 35 is_stmt 0 view .LVU40
 260 002a 0E93     		str	r3, [sp, #56]
 147:Core/Src/main.c ****   if (HAL_RCC_OscConfig(&RCC_OscInitStruct) != HAL_OK)
 261              		.loc 1 147 3 is_stmt 1 view .LVU41
 147:Core/Src/main.c ****   if (HAL_RCC_OscConfig(&RCC_OscInitStruct) != HAL_OK)
 262              		.loc 1 147 32 is_stmt 0 view .LVU42
 263 002c 4FF4E013 		mov	r3, #1835008
 264 0030 0F93     		str	r3, [sp, #60]
 148:Core/Src/main.c ****   {
 265              		.loc 1 148 3 is_stmt 1 view .LVU43
 148:Core/Src/main.c ****   {
 266              		.loc 1 148 7 is_stmt 0 view .LVU44
 267 0032 06A8     		add	r0, sp, #24
 268 0034 FFF7FEFF 		bl	HAL_RCC_OscConfig
ARM GAS  C:\Users\MOONFE~1\AppData\Local\Temp\cccGoX7c.s 			page 12


 269              	.LVL13:
 148:Core/Src/main.c ****   {
 270              		.loc 1 148 6 discriminator 1 view .LVU45
 271 0038 80B9     		cbnz	r0, .L19
 155:Core/Src/main.c ****                               |RCC_CLOCKTYPE_PCLK1|RCC_CLOCKTYPE_PCLK2;
 272              		.loc 1 155 3 is_stmt 1 view .LVU46
 155:Core/Src/main.c ****                               |RCC_CLOCKTYPE_PCLK1|RCC_CLOCKTYPE_PCLK2;
 273              		.loc 1 155 31 is_stmt 0 view .LVU47
 274 003a 0F23     		movs	r3, #15
 275 003c 0193     		str	r3, [sp, #4]
 157:Core/Src/main.c ****   RCC_ClkInitStruct.AHBCLKDivider = RCC_SYSCLK_DIV1;
 276              		.loc 1 157 3 is_stmt 1 view .LVU48
 157:Core/Src/main.c ****   RCC_ClkInitStruct.AHBCLKDivider = RCC_SYSCLK_DIV1;
 277              		.loc 1 157 34 is_stmt 0 view .LVU49
 278 003e 0221     		movs	r1, #2
 279 0040 0291     		str	r1, [sp, #8]
 158:Core/Src/main.c ****   RCC_ClkInitStruct.APB1CLKDivider = RCC_HCLK_DIV2;
 280              		.loc 1 158 3 is_stmt 1 view .LVU50
 158:Core/Src/main.c ****   RCC_ClkInitStruct.APB1CLKDivider = RCC_HCLK_DIV2;
 281              		.loc 1 158 35 is_stmt 0 view .LVU51
 282 0042 0023     		movs	r3, #0
 283 0044 0393     		str	r3, [sp, #12]
 159:Core/Src/main.c ****   RCC_ClkInitStruct.APB2CLKDivider = RCC_HCLK_DIV1;
 284              		.loc 1 159 3 is_stmt 1 view .LVU52
 159:Core/Src/main.c ****   RCC_ClkInitStruct.APB2CLKDivider = RCC_HCLK_DIV1;
 285              		.loc 1 159 36 is_stmt 0 view .LVU53
 286 0046 4FF48062 		mov	r2, #1024
 287 004a 0492     		str	r2, [sp, #16]
 160:Core/Src/main.c **** 
 288              		.loc 1 160 3 is_stmt 1 view .LVU54
 160:Core/Src/main.c **** 
 289              		.loc 1 160 36 is_stmt 0 view .LVU55
 290 004c 0593     		str	r3, [sp, #20]
 162:Core/Src/main.c ****   {
 291              		.loc 1 162 3 is_stmt 1 view .LVU56
 162:Core/Src/main.c ****   {
 292              		.loc 1 162 7 is_stmt 0 view .LVU57
 293 004e 01A8     		add	r0, sp, #4
 294 0050 FFF7FEFF 		bl	HAL_RCC_ClockConfig
 295              	.LVL14:
 162:Core/Src/main.c ****   {
 296              		.loc 1 162 6 discriminator 1 view .LVU58
 297 0054 20B9     		cbnz	r0, .L20
 166:Core/Src/main.c **** 
 298              		.loc 1 166 1 view .LVU59
 299 0056 11B0     		add	sp, sp, #68
 300              		.cfi_remember_state
 301              		.cfi_def_cfa_offset 4
 302              		@ sp needed
 303 0058 5DF804FB 		ldr	pc, [sp], #4
 304              	.L19:
 305              		.cfi_restore_state
 150:Core/Src/main.c ****   }
 306              		.loc 1 150 5 is_stmt 1 view .LVU60
 307 005c FFF7FEFF 		bl	Error_Handler
 308              	.LVL15:
 309              	.L20:
ARM GAS  C:\Users\MOONFE~1\AppData\Local\Temp\cccGoX7c.s 			page 13


 164:Core/Src/main.c ****   }
 310              		.loc 1 164 5 view .LVU61
 311 0060 FFF7FEFF 		bl	Error_Handler
 312              	.LVL16:
 313              		.cfi_endproc
 314              	.LFE66:
 316              		.global	__aeabi_i2d
 317              		.global	__aeabi_dmul
 318              		.global	__aeabi_d2uiz
 319              		.section	.text.main,"ax",%progbits
 320              		.align	1
 321              		.global	main
 322              		.syntax unified
 323              		.thumb
 324              		.thumb_func
 326              	main:
 327              	.LFB65:
  68:Core/Src/main.c ****   /* USER CODE BEGIN 1 */
 328              		.loc 1 68 1 view -0
 329              		.cfi_startproc
 330              		@ args = 0, pretend = 0, frame = 0
 331              		@ frame_needed = 0, uses_anonymous_args = 0
 332 0000 D0B5     		push	{r4, r6, r7, lr}
 333              		.cfi_def_cfa_offset 16
 334              		.cfi_offset 4, -16
 335              		.cfi_offset 6, -12
 336              		.cfi_offset 7, -8
 337              		.cfi_offset 14, -4
  76:Core/Src/main.c **** 
 338              		.loc 1 76 3 view .LVU63
 339 0002 FFF7FEFF 		bl	HAL_Init
 340              	.LVL17:
  83:Core/Src/main.c **** 
 341              		.loc 1 83 3 view .LVU64
 342 0006 FFF7FEFF 		bl	SystemClock_Config
 343              	.LVL18:
  90:Core/Src/main.c ****   MX_TIM1_Init();
 344              		.loc 1 90 3 view .LVU65
 345 000a FFF7FEFF 		bl	MX_GPIO_Init
 346              	.LVL19:
  91:Core/Src/main.c ****   /* USER CODE BEGIN 2 */
 347              		.loc 1 91 3 view .LVU66
 348 000e FFF7FEFF 		bl	MX_TIM1_Init
 349              	.LVL20:
  93:Core/Src/main.c ****   HAL_TIM_PWM_Start(&htim1, TIM_CHANNEL_1);
 350              		.loc 1 93 3 view .LVU67
  93:Core/Src/main.c ****   HAL_TIM_PWM_Start(&htim1, TIM_CHANNEL_1);
 351              		.loc 1 93 26 is_stmt 0 view .LVU68
 352 0012 1D4C     		ldr	r4, .L28
 353 0014 E36A     		ldr	r3, [r4, #44]
  93:Core/Src/main.c ****   HAL_TIM_PWM_Start(&htim1, TIM_CHANNEL_1);
 354              		.loc 1 93 10 view .LVU69
 355 0016 0133     		adds	r3, r3, #1
  93:Core/Src/main.c ****   HAL_TIM_PWM_Start(&htim1, TIM_CHANNEL_1);
 356              		.loc 1 93 8 view .LVU70
 357 0018 1C4E     		ldr	r6, .L28+4
 358 001a 3380     		strh	r3, [r6]	@ movhi
ARM GAS  C:\Users\MOONFE~1\AppData\Local\Temp\cccGoX7c.s 			page 14


  94:Core/Src/main.c ****   HAL_TIM_PWM_Start(&htim1, TIM_CHANNEL_2);
 359              		.loc 1 94 3 is_stmt 1 view .LVU71
 360 001c 1C4F     		ldr	r7, .L28+8
 361 001e 0021     		movs	r1, #0
 362 0020 3846     		mov	r0, r7
 363 0022 FFF7FEFF 		bl	HAL_TIM_PWM_Start
 364              	.LVL21:
  95:Core/Src/main.c ****   TIM1->CCR1 = PWMT * 0.25;
 365              		.loc 1 95 3 view .LVU72
 366 0026 0421     		movs	r1, #4
 367 0028 3846     		mov	r0, r7
 368 002a FFF7FEFF 		bl	HAL_TIM_PWM_Start
 369              	.LVL22:
  96:Core/Src/main.c ****   TIM1->CCR2 = PWMT * 0.75;
 370              		.loc 1 96 3 view .LVU73
  96:Core/Src/main.c ****   TIM1->CCR2 = PWMT * 0.75;
 371              		.loc 1 96 21 is_stmt 0 view .LVU74
 372 002e 3088     		ldrh	r0, [r6]
 373 0030 FFF7FEFF 		bl	__aeabi_i2d
 374              	.LVL23:
 375 0034 0646     		mov	r6, r0
 376 0036 0F46     		mov	r7, r1
 377 0038 0022     		movs	r2, #0
 378 003a 164B     		ldr	r3, .L28+12
 379 003c FFF7FEFF 		bl	__aeabi_dmul
 380              	.LVL24:
  96:Core/Src/main.c ****   TIM1->CCR2 = PWMT * 0.75;
 381              		.loc 1 96 14 view .LVU75
 382 0040 FFF7FEFF 		bl	__aeabi_d2uiz
 383              	.LVL25:
 384 0044 6063     		str	r0, [r4, #52]
  97:Core/Src/main.c ****   int dir = 1;
 385              		.loc 1 97 3 is_stmt 1 view .LVU76
  97:Core/Src/main.c ****   int dir = 1;
 386              		.loc 1 97 21 is_stmt 0 view .LVU77
 387 0046 0022     		movs	r2, #0
 388 0048 134B     		ldr	r3, .L28+16
 389 004a 3046     		mov	r0, r6
 390 004c 3946     		mov	r1, r7
 391 004e FFF7FEFF 		bl	__aeabi_dmul
 392              	.LVL26:
  97:Core/Src/main.c ****   int dir = 1;
 393              		.loc 1 97 14 view .LVU78
 394 0052 FFF7FEFF 		bl	__aeabi_d2uiz
 395              	.LVL27:
 396 0056 A063     		str	r0, [r4, #56]
  98:Core/Src/main.c ****   /* USER CODE END 2 */
 397              		.loc 1 98 3 is_stmt 1 view .LVU79
 398              	.LVL28:
  98:Core/Src/main.c ****   /* USER CODE END 2 */
 399              		.loc 1 98 7 is_stmt 0 view .LVU80
 400 0058 0124     		movs	r4, #1
 401 005a 0BE0     		b	.L25
 402              	.LVL29:
 403              	.L22:
 111:Core/Src/main.c ****       break;
 404              		.loc 1 111 7 is_stmt 1 view .LVU81
ARM GAS  C:\Users\MOONFE~1\AppData\Local\Temp\cccGoX7c.s 			page 15


 405 005c FFF7FEFF 		bl	motor_backward
 406              	.LVL30:
 112:Core/Src/main.c ****     case 3:
 407              		.loc 1 112 7 view .LVU82
 408 0060 03E0     		b	.L23
 409              	.L24:
 117:Core/Src/main.c ****       break;
 410              		.loc 1 117 7 view .LVU83
 411 0062 FFF7FEFF 		bl	motor_stop
 412              	.LVL31:
 118:Core/Src/main.c ****     }
 413              		.loc 1 118 7 view .LVU84
 414 0066 00E0     		b	.L23
 415              	.L26:
 105:Core/Src/main.c ****     {
 416              		.loc 1 105 5 is_stmt 0 view .LVU85
 417 0068 0024     		movs	r4, #0
 418              	.LVL32:
 419              	.L23:
 120:Core/Src/main.c ****     dir++;
 420              		.loc 1 120 5 is_stmt 1 view .LVU86
 421 006a 4FF47A70 		mov	r0, #1000
 422 006e FFF7FEFF 		bl	HAL_Delay
 423              	.LVL33:
 121:Core/Src/main.c ****     /* USER CODE END WHILE */
 424              		.loc 1 121 5 view .LVU87
 121:Core/Src/main.c ****     /* USER CODE END WHILE */
 425              		.loc 1 121 8 is_stmt 0 view .LVU88
 426 0072 0134     		adds	r4, r4, #1
 427              	.LVL34:
 103:Core/Src/main.c ****   {
 428              		.loc 1 103 9 is_stmt 1 view .LVU89
 429              	.L25:
 103:Core/Src/main.c ****   {
 430              		.loc 1 103 3 view .LVU90
 105:Core/Src/main.c ****     {
 431              		.loc 1 105 5 view .LVU91
 432 0074 022C     		cmp	r4, #2
 433 0076 F1D0     		beq	.L22
 434 0078 032C     		cmp	r4, #3
 435 007a F5D0     		beq	.L26
 436 007c 012C     		cmp	r4, #1
 437 007e F0D1     		bne	.L24
 108:Core/Src/main.c ****       break;
 438              		.loc 1 108 7 view .LVU92
 439 0080 FFF7FEFF 		bl	motor_forward
 440              	.LVL35:
 109:Core/Src/main.c ****     case 2:
 441              		.loc 1 109 7 view .LVU93
 442 0084 F1E7     		b	.L23
 443              	.L29:
 444 0086 00BF     		.align	2
 445              	.L28:
 446 0088 002C0140 		.word	1073818624
 447 008c 00000000 		.word	PWMT
 448 0090 00000000 		.word	htim1
 449 0094 0000D03F 		.word	1070596096
ARM GAS  C:\Users\MOONFE~1\AppData\Local\Temp\cccGoX7c.s 			page 16


 450 0098 0000E83F 		.word	1072168960
 451              		.cfi_endproc
 452              	.LFE65:
 454              		.global	PWMT
 455              		.section	.bss.PWMT,"aw",%nobits
 456              		.align	1
 459              	PWMT:
 460 0000 0000     		.space	2
 461              		.text
 462              	.Letext0:
 463              		.file 3 "G:/ARM-GNU-TOOLCHAIN-13.2.REL1-MINGW-W64-I686-ARM-NONE-EABI/arm-none-eabi/include/machine
 464              		.file 4 "G:/ARM-GNU-TOOLCHAIN-13.2.REL1-MINGW-W64-I686-ARM-NONE-EABI/arm-none-eabi/include/sys/_st
 465              		.file 5 "Drivers/CMSIS/Device/ST/STM32F1xx/Include/stm32f103xb.h"
 466              		.file 6 "Drivers/STM32F1xx_HAL_Driver/Inc/stm32f1xx_hal_def.h"
 467              		.file 7 "Drivers/STM32F1xx_HAL_Driver/Inc/stm32f1xx_hal_rcc.h"
 468              		.file 8 "Drivers/STM32F1xx_HAL_Driver/Inc/stm32f1xx_hal_rcc_ex.h"
 469              		.file 9 "Drivers/STM32F1xx_HAL_Driver/Inc/stm32f1xx_hal_gpio.h"
 470              		.file 10 "Drivers/STM32F1xx_HAL_Driver/Inc/stm32f1xx_hal_dma.h"
 471              		.file 11 "Drivers/STM32F1xx_HAL_Driver/Inc/stm32f1xx_hal_tim.h"
 472              		.file 12 "Core/Inc/tim.h"
 473              		.file 13 "Drivers/STM32F1xx_HAL_Driver/Inc/stm32f1xx_hal.h"
 474              		.file 14 "Core/Inc/gpio.h"
 475              		.file 15 "<built-in>"
ARM GAS  C:\Users\MOONFE~1\AppData\Local\Temp\cccGoX7c.s 			page 17


DEFINED SYMBOLS
                            *ABS*:00000000 main.c
C:\Users\MOONFE~1\AppData\Local\Temp\cccGoX7c.s:19     .text.motor_forward:00000000 $t
C:\Users\MOONFE~1\AppData\Local\Temp\cccGoX7c.s:25     .text.motor_forward:00000000 motor_forward
C:\Users\MOONFE~1\AppData\Local\Temp\cccGoX7c.s:65     .text.motor_forward:00000038 $d
C:\Users\MOONFE~1\AppData\Local\Temp\cccGoX7c.s:70     .text.motor_backward:00000000 $t
C:\Users\MOONFE~1\AppData\Local\Temp\cccGoX7c.s:76     .text.motor_backward:00000000 motor_backward
C:\Users\MOONFE~1\AppData\Local\Temp\cccGoX7c.s:116    .text.motor_backward:00000038 $d
C:\Users\MOONFE~1\AppData\Local\Temp\cccGoX7c.s:121    .text.motor_stop:00000000 $t
C:\Users\MOONFE~1\AppData\Local\Temp\cccGoX7c.s:127    .text.motor_stop:00000000 motor_stop
C:\Users\MOONFE~1\AppData\Local\Temp\cccGoX7c.s:167    .text.motor_stop:00000038 $d
C:\Users\MOONFE~1\AppData\Local\Temp\cccGoX7c.s:172    .text.Error_Handler:00000000 $t
C:\Users\MOONFE~1\AppData\Local\Temp\cccGoX7c.s:178    .text.Error_Handler:00000000 Error_Handler
C:\Users\MOONFE~1\AppData\Local\Temp\cccGoX7c.s:210    .text.SystemClock_Config:00000000 $t
C:\Users\MOONFE~1\AppData\Local\Temp\cccGoX7c.s:216    .text.SystemClock_Config:00000000 SystemClock_Config
C:\Users\MOONFE~1\AppData\Local\Temp\cccGoX7c.s:320    .text.main:00000000 $t
C:\Users\MOONFE~1\AppData\Local\Temp\cccGoX7c.s:326    .text.main:00000000 main
C:\Users\MOONFE~1\AppData\Local\Temp\cccGoX7c.s:446    .text.main:00000088 $d
C:\Users\MOONFE~1\AppData\Local\Temp\cccGoX7c.s:459    .bss.PWMT:00000000 PWMT
C:\Users\MOONFE~1\AppData\Local\Temp\cccGoX7c.s:456    .bss.PWMT:00000000 $d

UNDEFINED SYMBOLS
HAL_GPIO_WritePin
memset
HAL_RCC_OscConfig
HAL_RCC_ClockConfig
__aeabi_i2d
__aeabi_dmul
__aeabi_d2uiz
HAL_Init
MX_GPIO_Init
MX_TIM1_Init
HAL_TIM_PWM_Start
HAL_Delay
htim1
